build1/app/intermediates/manifest_merge_blame_file/debug/manifest-merger-blame-debug-report.txt
1<?xml version="1.0" encoding="utf-8"?>
2<manifest xmlns:android="http://schemas.android.com/apk/res/android"
3    package="com.aisha.finalgraduationversion"
4    android:versionCode="1"
5    android:versionName="1.0.0" >
6
7    <uses-sdk
8        android:minSdkVersion="21"
9        android:targetSdkVersion="29" />
10    <!--
11         Flutter needs it to communicate with the running application
12         to allow setting breakpoints, to provide hot reload, etc.
13    -->
14    <uses-permission android:name="android.permission.INTERNET" />
14-->src/debug/AndroidManifest.xml:6:5-66
14-->src/debug/AndroidManifest.xml:6:22-64
15    <uses-permission android:name="android.permission.REQUEST_INSTALL_PACKAGES" />
15-->[:open_file] AndroidManifest.xml:8:5-83
15-->[:open_file] AndroidManifest.xml:8:22-80
16    <uses-permission android:name="android.permission.READ_EXTERNAL_STORAGE" />
16-->[:open_file] AndroidManifest.xml:9:5-80
16-->[:open_file] AndroidManifest.xml:9:22-77
17    <uses-permission android:name="android.permission.CAMERA" />
17-->[:camera] AndroidManifest.xml:7:5-65
17-->[:camera] AndroidManifest.xml:7:22-62
18    <uses-permission android:name="android.permission.RECORD_AUDIO" />
18-->[:camera] AndroidManifest.xml:8:5-71
18-->[:camera] AndroidManifest.xml:8:22-68
19    <uses-permission android:name="android.permission.ACCESS_NETWORK_STATE" />
19-->[com.google.android.gms:play-services-measurement:17.2.2] AndroidManifest.xml:24:5-79
19-->[com.google.android.gms:play-services-measurement:17.2.2] AndroidManifest.xml:24:22-76
20    <uses-permission android:name="android.permission.WAKE_LOCK" />
20-->[com.google.android.gms:play-services-measurement:17.2.2] AndroidManifest.xml:25:5-68
20-->[com.google.android.gms:play-services-measurement:17.2.2] AndroidManifest.xml:25:22-65
21    <uses-permission android:name="com.google.android.finsky.permission.BIND_GET_INSTALL_REFERRER_SERVICE" /> <!-- Required by older versions of Google Play services to create IID tokens -->
21-->[com.google.android.gms:play-services-measurement:17.2.2] AndroidManifest.xml:26:5-110
21-->[com.google.android.gms:play-services-measurement:17.2.2] AndroidManifest.xml:26:22-107
22    <uses-permission android:name="com.google.android.c2dm.permission.RECEIVE" />
22-->[com.google.firebase:firebase-iid:20.1.0] AndroidManifest.xml:26:5-82
22-->[com.google.firebase:firebase-iid:20.1.0] AndroidManifest.xml:26:22-79
23    <!--
24 io.flutter.app.FlutterApplication is an android.app.Application that
25         calls FlutterMain.startInitialization(this); in its onCreate method.
26         In most cases you can leave this as-is, but you if you want to provide
27         additional functionality it is fine to subclass or reimplement
28         FlutterApplication and put your custom class here.
29    -->
30    <application
30-->src/main/AndroidManifest.xml:9:5-36:19
31        android:name="io.flutter.app.FlutterApplication"
31-->src/main/AndroidManifest.xml:10:9-57
32        android:appComponentFactory="androidx.core.app.CoreComponentFactory"
32-->[androidx.core:core:1.1.0] AndroidManifest.xml:24:18-86
33        android:debuggable="true"
34        android:icon="@mipmap/launcher_icon"
34-->src/main/AndroidManifest.xml:12:9-45
35        android:label="finalgraduationversion" >
35-->src/main/AndroidManifest.xml:11:9-47
36        <activity
36-->src/main/AndroidManifest.xml:13:9-35:20
37            android:name="com.aisha.finalgraduationversion.MainActivity"
37-->src/main/AndroidManifest.xml:14:13-41
38            android:configChanges="orientation|keyboardHidden|keyboard|screenSize|locale|layoutDirection|fontScale|screenLayout|density|uiMode"
38-->src/main/AndroidManifest.xml:17:13-144
39            android:hardwareAccelerated="true"
39-->src/main/AndroidManifest.xml:18:13-47
40            android:launchMode="singleTop"
40-->src/main/AndroidManifest.xml:15:13-43
41            android:theme="@style/LaunchTheme"
41-->src/main/AndroidManifest.xml:16:13-47
42            android:windowSoftInputMode="adjustResize" >
42-->src/main/AndroidManifest.xml:19:13-55
43
44            <!--
45                 This keeps the window background of the activity showing
46                 until Flutter renders its first frame. It can be removed if
47                 there is no splash screen (such as the default splash screen
48                 defined in @style/LaunchTheme).
49            -->
50            <meta-data
50-->src/main/AndroidManifest.xml:24:13-26:40
51                android:name="io.flutter.app.android.SplashScreenUntilFirstFrame"
51-->src/main/AndroidManifest.xml:25:17-82
52                android:value="true" />
52-->src/main/AndroidManifest.xml:26:17-37
53
54            <intent-filter>
54-->src/main/AndroidManifest.xml:27:13-30:29
55                <action android:name="android.intent.action.MAIN" />
55-->src/main/AndroidManifest.xml:28:17-68
55-->src/main/AndroidManifest.xml:28:25-66
56
57                <category android:name="android.intent.category.LAUNCHER" />
57-->src/main/AndroidManifest.xml:29:17-76
57-->src/main/AndroidManifest.xml:29:27-74
58            </intent-filter>
59            <intent-filter>
59-->src/main/AndroidManifest.xml:31:13-34:29
60                <action android:name="FLUTTER_NOTIFICATION_CLICK" />
60-->src/main/AndroidManifest.xml:32:14-65
60-->src/main/AndroidManifest.xml:32:22-63
61
62                <category android:name="android.intent.category.DEFAULT" />
62-->src/main/AndroidManifest.xml:33:14-72
62-->src/main/AndroidManifest.xml:33:24-70
63            </intent-filter>
64        </activity>
65
66        <provider
66-->[:flutter_email_sender] AndroidManifest.xml:8:9-16:20
67            android:name="com.sidlatau.flutteremailsender.FlutterEmailSenderFileProvider"
67-->[:flutter_email_sender] AndroidManifest.xml:9:13-90
68            android:authorities="com.aisha.finalgraduationversion.file_provider"
68-->[:flutter_email_sender] AndroidManifest.xml:10:13-65
69            android:exported="false"
69-->[:flutter_email_sender] AndroidManifest.xml:11:13-37
70            android:grantUriPermissions="true" >
70-->[:flutter_email_sender] AndroidManifest.xml:12:13-47
71            <meta-data
71-->[:flutter_email_sender] AndroidManifest.xml:13:13-15:61
72                android:name="android.support.FILE_PROVIDER_PATHS"
72-->[:flutter_email_sender] AndroidManifest.xml:14:17-67
73                android:resource="@xml/shared_file_paths" />
73-->[:flutter_email_sender] AndroidManifest.xml:15:17-58
74        </provider>
75        <provider
75-->[:open_file] AndroidManifest.xml:12:9-21:20
76            android:name="androidx.core.content.FileProvider"
76-->[:open_file] AndroidManifest.xml:13:13-62
77            android:authorities="com.aisha.finalgraduationversion.fileProvider"
77-->[:open_file] AndroidManifest.xml:14:13-64
78            android:exported="false"
78-->[:open_file] AndroidManifest.xml:15:13-37
79            android:grantUriPermissions="true" >
79-->[:open_file] AndroidManifest.xml:16:13-47
80            <meta-data
80-->[:flutter_email_sender] AndroidManifest.xml:13:13-15:61
81                android:name="android.support.FILE_PROVIDER_PATHS"
81-->[:flutter_email_sender] AndroidManifest.xml:14:17-67
82                android:resource="@xml/filepaths" />
82-->[:flutter_email_sender] AndroidManifest.xml:15:17-58
83        </provider>
84
85        <service android:name="io.flutter.plugins.firebasemessaging.FlutterFirebaseMessagingService" >
85-->[:firebase_messaging] AndroidManifest.xml:8:9-12:19
85-->[:firebase_messaging] AndroidManifest.xml:8:18-101
86            <intent-filter>
86-->[:firebase_messaging] AndroidManifest.xml:9:13-11:29
87                <action android:name="com.google.firebase.MESSAGING_EVENT" />
87-->[:firebase_messaging] AndroidManifest.xml:10:17-78
87-->[:firebase_messaging] AndroidManifest.xml:10:25-75
88            </intent-filter>
89        </service>
90        <service
90-->[:firebase_messaging] AndroidManifest.xml:13:9-17:19
91            android:name="com.google.firebase.components.ComponentDiscoveryService"
91-->[:firebase_messaging] AndroidManifest.xml:13:18-89
92            android:directBootAware="true"
92-->[com.google.firebase:firebase-common:19.3.0] AndroidManifest.xml:34:13-43
93            android:exported="false" >
93-->[com.google.firebase:firebase-messaging:20.1.1] AndroidManifest.xml:37:13-37
94            <meta-data
94-->[:firebase_messaging] AndroidManifest.xml:14:13-16:85
95                android:name="com.google.firebase.components:io.flutter.plugins.firebasemessaging.FlutterFirebaseAppRegistrar"
95-->[:firebase_messaging] AndroidManifest.xml:15:17-127
96                android:value="com.google.firebase.components.ComponentRegistrar" />
96-->[:firebase_messaging] AndroidManifest.xml:16:17-82
97            <meta-data
97-->[:cloud_firestore] AndroidManifest.xml:9:13-11:85
98                android:name="com.google.firebase.components:io.flutter.plugins.firebase.cloudfirestore.FlutterFirebaseAppRegistrar"
98-->[:cloud_firestore] AndroidManifest.xml:10:17-133
99                android:value="com.google.firebase.components.ComponentRegistrar" />
99-->[:cloud_firestore] AndroidManifest.xml:11:17-82
100            <meta-data
100-->[:firebase_auth] AndroidManifest.xml:9:13-11:85
101                android:name="com.google.firebase.components:io.flutter.plugins.firebaseauth.FlutterFirebaseAppRegistrar"
101-->[:firebase_auth] AndroidManifest.xml:10:17-122
102                android:value="com.google.firebase.components.ComponentRegistrar" />
102-->[:firebase_auth] AndroidManifest.xml:11:17-82
103            <meta-data
103-->[:firebase_core] AndroidManifest.xml:9:13-11:85
104                android:name="com.google.firebase.components:io.flutter.plugins.firebase.core.FlutterFirebaseAppRegistrar"
104-->[:firebase_core] AndroidManifest.xml:10:17-123
105                android:value="com.google.firebase.components.ComponentRegistrar" />
105-->[:firebase_core] AndroidManifest.xml:11:17-82
106            <meta-data
106-->[com.google.firebase:firebase-messaging:20.1.1] AndroidManifest.xml:38:13-40:85
107                android:name="com.google.firebase.components:com.google.firebase.messaging.FirebaseMessagingRegistrar"
107-->[com.google.firebase:firebase-messaging:20.1.1] AndroidManifest.xml:39:17-119
108                android:value="com.google.firebase.components.ComponentRegistrar" />
108-->[com.google.firebase:firebase-messaging:20.1.1] AndroidManifest.xml:40:17-82
109            <meta-data
109-->[com.google.android.gms:play-services-measurement-api:17.2.2] AndroidManifest.xml:30:13-32:85
110                android:name="com.google.firebase.components:com.google.firebase.analytics.connector.internal.AnalyticsConnectorRegistrar"
110-->[com.google.android.gms:play-services-measurement-api:17.2.2] AndroidManifest.xml:31:17-139
111                android:value="com.google.firebase.components.ComponentRegistrar" />
111-->[com.google.android.gms:play-services-measurement-api:17.2.2] AndroidManifest.xml:32:17-82
112            <meta-data
112-->[com.google.firebase:firebase-datatransport:17.0.3] AndroidManifest.xml:28:13-30:85
113                android:name="com.google.firebase.components:com.google.firebase.datatransport.TransportRegistrar"
113-->[com.google.firebase:firebase-datatransport:17.0.3] AndroidManifest.xml:29:17-115
114                android:value="com.google.firebase.components.ComponentRegistrar" />
114-->[com.google.firebase:firebase-datatransport:17.0.3] AndroidManifest.xml:30:17-82
115            <meta-data
115-->[com.google.firebase:firebase-iid:20.1.0] AndroidManifest.xml:32:13-34:85
116                android:name="com.google.firebase.components:com.google.firebase.iid.Registrar"
116-->[com.google.firebase:firebase-iid:20.1.0] AndroidManifest.xml:33:17-96
117                android:value="com.google.firebase.components.ComponentRegistrar" />
117-->[com.google.firebase:firebase-iid:20.1.0] AndroidManifest.xml:34:17-82
118            <meta-data
118-->[com.google.firebase:firebase-firestore:21.3.0] AndroidManifest.xml:20:13-22:85
119                android:name="com.google.firebase.components:com.google.firebase.firestore.FirestoreRegistrar"
119-->[com.google.firebase:firebase-firestore:21.3.0] AndroidManifest.xml:21:17-111
120                android:value="com.google.firebase.components.ComponentRegistrar" />
120-->[com.google.firebase:firebase-firestore:21.3.0] AndroidManifest.xml:22:17-82
121            <meta-data
121-->[com.google.firebase:firebase-auth:17.0.0] AndroidManifest.xml:36:13-38:85
122                android:name="com.google.firebase.components:com.google.firebase.auth.FirebaseAuthRegistrar"
122-->[com.google.firebase:firebase-auth:17.0.0] AndroidManifest.xml:37:17-109
123                android:value="com.google.firebase.components.ComponentRegistrar" />
123-->[com.google.firebase:firebase-auth:17.0.0] AndroidManifest.xml:38:17-82
124            <meta-data
124-->[com.google.firebase:firebase-installations:16.0.0] AndroidManifest.xml:17:13-19:85
125                android:name="com.google.firebase.components:com.google.firebase.installations.FirebaseInstallationsRegistrar"
125-->[com.google.firebase:firebase-installations:16.0.0] AndroidManifest.xml:18:17-127
126                android:value="com.google.firebase.components.ComponentRegistrar" />
126-->[com.google.firebase:firebase-installations:16.0.0] AndroidManifest.xml:19:17-82
127        </service>
128
129        <activity
129-->[:url_launcher] AndroidManifest.xml:8:9-11:74
130            android:name="io.flutter.plugins.urllauncher.WebViewActivity"
130-->[:url_launcher] AndroidManifest.xml:9:13-74
131            android:exported="false"
131-->[:url_launcher] AndroidManifest.xml:10:13-37
132            android:theme="@android:style/Theme.NoTitleBar.Fullscreen" />
132-->[:url_launcher] AndroidManifest.xml:11:13-71
133        <!--
134             FirebaseMessagingService performs security checks at runtime,
135             but set to not exported to explicitly avoid allowing another app to call it.
136        -->
137        <service
137-->[com.google.firebase:firebase-messaging:20.1.1] AndroidManifest.xml:28:9-34:19
138            android:name="com.google.firebase.messaging.FirebaseMessagingService"
138-->[com.google.firebase:firebase-messaging:20.1.1] AndroidManifest.xml:29:13-82
139            android:exported="false" >
139-->[com.google.firebase:firebase-messaging:20.1.1] AndroidManifest.xml:30:13-37
140            <intent-filter android:priority="-500" >
140-->[:firebase_messaging] AndroidManifest.xml:9:13-11:29
141                <action android:name="com.google.firebase.MESSAGING_EVENT" />
141-->[:firebase_messaging] AndroidManifest.xml:10:17-78
141-->[:firebase_messaging] AndroidManifest.xml:10:25-75
142            </intent-filter>
143        </service>
144
145        <receiver
145-->[com.google.android.gms:play-services-measurement:17.2.2] AndroidManifest.xml:29:9-33:20
146            android:name="com.google.android.gms.measurement.AppMeasurementReceiver"
146-->[com.google.android.gms:play-services-measurement:17.2.2] AndroidManifest.xml:30:13-85
147            android:enabled="true"
147-->[com.google.android.gms:play-services-measurement:17.2.2] AndroidManifest.xml:31:13-35
148            android:exported="false" >
148-->[com.google.android.gms:play-services-measurement:17.2.2] AndroidManifest.xml:32:13-37
149        </receiver>
150        <receiver
150-->[com.google.android.gms:play-services-measurement:17.2.2] AndroidManifest.xml:34:9-42:20
151            android:name="com.google.android.gms.measurement.AppMeasurementInstallReferrerReceiver"
151-->[com.google.android.gms:play-services-measurement:17.2.2] AndroidManifest.xml:35:13-100
152            android:enabled="true"
152-->[com.google.android.gms:play-services-measurement:17.2.2] AndroidManifest.xml:36:13-35
153            android:exported="true"
153-->[com.google.android.gms:play-services-measurement:17.2.2] AndroidManifest.xml:37:13-36
154            android:permission="android.permission.INSTALL_PACKAGES" >
154-->[com.google.android.gms:play-services-measurement:17.2.2] AndroidManifest.xml:38:13-69
155            <intent-filter>
155-->[com.google.android.gms:play-services-measurement:17.2.2] AndroidManifest.xml:39:13-41:29
156                <action android:name="com.android.vending.INSTALL_REFERRER" />
156-->[com.google.android.gms:play-services-measurement:17.2.2] AndroidManifest.xml:40:17-79
156-->[com.google.android.gms:play-services-measurement:17.2.2] AndroidManifest.xml:40:25-76
157            </intent-filter>
158        </receiver>
159
160        <service
160-->[com.google.android.gms:play-services-measurement:17.2.2] AndroidManifest.xml:44:9-47:40
161            android:name="com.google.android.gms.measurement.AppMeasurementService"
161-->[com.google.android.gms:play-services-measurement:17.2.2] AndroidManifest.xml:45:13-84
162            android:enabled="true"
162-->[com.google.android.gms:play-services-measurement:17.2.2] AndroidManifest.xml:46:13-35
163            android:exported="false" />
163-->[com.google.android.gms:play-services-measurement:17.2.2] AndroidManifest.xml:47:13-37
164        <service
164-->[com.google.android.gms:play-services-measurement:17.2.2] AndroidManifest.xml:48:9-52:72
165            android:name="com.google.android.gms.measurement.AppMeasurementJobService"
165-->[com.google.android.gms:play-services-measurement:17.2.2] AndroidManifest.xml:49:13-87
166            android:enabled="true"
166-->[com.google.android.gms:play-services-measurement:17.2.2] AndroidManifest.xml:50:13-35
167            android:exported="false"
167-->[com.google.android.gms:play-services-measurement:17.2.2] AndroidManifest.xml:51:13-37
168            android:permission="android.permission.BIND_JOB_SERVICE" />
168-->[com.google.android.gms:play-services-measurement:17.2.2] AndroidManifest.xml:52:13-69
169
170        <receiver
170-->[com.google.firebase:firebase-iid:20.1.0] AndroidManifest.xml:37:9-44:20
171            android:name="com.google.firebase.iid.FirebaseInstanceIdReceiver"
171-->[com.google.firebase:firebase-iid:20.1.0] AndroidManifest.xml:38:13-78
172            android:exported="true"
172-->[com.google.firebase:firebase-iid:20.1.0] AndroidManifest.xml:39:13-36
173            android:permission="com.google.android.c2dm.permission.SEND" >
173-->[com.google.firebase:firebase-iid:20.1.0] AndroidManifest.xml:40:13-73
174            <intent-filter>
174-->[com.google.firebase:firebase-iid:20.1.0] AndroidManifest.xml:41:13-43:29
175                <action android:name="com.google.android.c2dm.intent.RECEIVE" />
175-->[com.google.firebase:firebase-iid:20.1.0] AndroidManifest.xml:42:17-81
175-->[com.google.firebase:firebase-iid:20.1.0] AndroidManifest.xml:42:25-78
176            </intent-filter>
177        </receiver>
178
179        <activity
179-->[com.google.firebase:firebase-auth:17.0.0] AndroidManifest.xml:24:9-31:50
180            android:name="com.google.firebase.auth.internal.FederatedSignInActivity"
180-->[com.google.firebase:firebase-auth:17.0.0] AndroidManifest.xml:25:13-85
181            android:excludeFromRecents="true"
181-->[com.google.firebase:firebase-auth:17.0.0] AndroidManifest.xml:26:13-46
182            android:exported="true"
182-->[com.google.firebase:firebase-auth:17.0.0] AndroidManifest.xml:27:13-36
183            android:launchMode="singleTask"
183-->[com.google.firebase:firebase-auth:17.0.0] AndroidManifest.xml:28:13-44
184            android:permission="com.google.firebase.auth.api.gms.permission.LAUNCH_FEDERATED_SIGN_IN"
184-->[com.google.firebase:firebase-auth:17.0.0] AndroidManifest.xml:29:13-102
185            android:theme="@android:style/Theme.Translucent.NoTitleBar" />
185-->[com.google.firebase:firebase-auth:17.0.0] AndroidManifest.xml:30:13-72
186
187        <provider
187-->[com.google.firebase:firebase-common:19.3.0] AndroidManifest.xml:26:9-30:39
188            android:name="com.google.firebase.provider.FirebaseInitProvider"
188-->[com.google.firebase:firebase-common:19.3.0] AndroidManifest.xml:27:13-77
189            android:authorities="com.aisha.finalgraduationversion.firebaseinitprovider"
189-->[com.google.firebase:firebase-common:19.3.0] AndroidManifest.xml:28:13-72
190            android:exported="false"
190-->[com.google.firebase:firebase-common:19.3.0] AndroidManifest.xml:29:13-37
191            android:initOrder="100" />
191-->[com.google.firebase:firebase-common:19.3.0] AndroidManifest.xml:30:13-36
192
193        <activity
193-->[com.google.android.gms:play-services-base:17.0.0] AndroidManifest.xml:23:9-26:75
194            android:name="com.google.android.gms.common.api.GoogleApiActivity"
194-->[com.google.android.gms:play-services-base:17.0.0] AndroidManifest.xml:24:13-79
195            android:exported="false"
195-->[com.google.android.gms:play-services-base:17.0.0] AndroidManifest.xml:25:13-37
196            android:theme="@android:style/Theme.Translucent.NoTitleBar" />
196-->[com.google.android.gms:play-services-base:17.0.0] AndroidManifest.xml:26:13-72
197
198        <meta-data
198-->[com.google.android.gms:play-services-basement:17.0.0] AndroidManifest.xml:23:9-25:69
199            android:name="com.google.android.gms.version"
199-->[com.google.android.gms:play-services-basement:17.0.0] AndroidManifest.xml:24:13-58
200            android:value="@integer/google_play_services_version" />
200-->[com.google.android.gms:play-services-basement:17.0.0] AndroidManifest.xml:25:13-66
201
202        <service
202-->[com.google.android.datatransport:transport-backend-cct:2.2.0] AndroidManifest.xml:29:9-35:19
203            android:name="com.google.android.datatransport.runtime.backends.TransportBackendDiscovery"
203-->[com.google.android.datatransport:transport-backend-cct:2.2.0] AndroidManifest.xml:30:13-103
204            android:exported="false" >
204-->[com.google.android.datatransport:transport-backend-cct:2.2.0] AndroidManifest.xml:31:13-37
205            <meta-data
205-->[com.google.android.datatransport:transport-backend-cct:2.2.0] AndroidManifest.xml:32:13-34:39
206                android:name="backend:com.google.android.datatransport.cct.CctBackendFactory"
206-->[com.google.android.datatransport:transport-backend-cct:2.2.0] AndroidManifest.xml:33:17-94
207                android:value="cct" />
207-->[com.google.android.datatransport:transport-backend-cct:2.2.0] AndroidManifest.xml:34:17-36
208        </service>
209        <service
209-->[com.google.android.datatransport:transport-runtime:2.2.0] AndroidManifest.xml:26:9-30:19
210            android:name="com.google.android.datatransport.runtime.scheduling.jobscheduling.JobInfoSchedulerService"
210-->[com.google.android.datatransport:transport-runtime:2.2.0] AndroidManifest.xml:27:13-117
211            android:exported="false"
211-->[com.google.android.datatransport:transport-runtime:2.2.0] AndroidManifest.xml:28:13-37
212            android:permission="android.permission.BIND_JOB_SERVICE" >
212-->[com.google.android.datatransport:transport-runtime:2.2.0] AndroidManifest.xml:29:13-69
213        </service>
214
215        <receiver
215-->[com.google.android.datatransport:transport-runtime:2.2.0] AndroidManifest.xml:32:9-34:40
216            android:name="com.google.android.datatransport.runtime.scheduling.jobscheduling.AlarmManagerSchedulerBroadcastReceiver"
216-->[com.google.android.datatransport:transport-runtime:2.2.0] AndroidManifest.xml:33:13-132
217            android:exported="false" />
217-->[com.google.android.datatransport:transport-runtime:2.2.0] AndroidManifest.xml:34:13-37
218    </application>
219
220</manifest>